TACC: Starting up job 6372511
TACC: Setting up parallel environment for MVAPICH2+mpispawn.
TACC: Starting parallel tasks...
Checkpoint start...
Checkpoint at iteration-108
Checkpoint end.
Checkpoint start...
Checkpoint at iteration-216
Checkpoint end.
Checkpoint start...
Checkpoint at iteration-324
Checkpoint end.
Checkpoint start...
Checkpoint at iteration-432
Checkpoint end.
Checkpoint start...
Checkpoint at iteration-540
Checkpoint end.
Checkpoint start...
Checkpoint at iteration-648
Checkpoint end.
Checkpoint start...
Checkpoint at iteration-756
Checkpoint end.
Checkpoint start...
Checkpoint at iteration-864
Checkpoint end.
Checkpoint start...
Checkpoint at iteration-972
Checkpoint end.
Checkpoint start...
Checkpoint at iteration-1080
Checkpoint end.
Checkpoint start...
Checkpoint at iteration-1188
Checkpoint end.
Checkpoint start...
Checkpoint at iteration-1296
Checkpoint end.
Checkpoint start...
Checkpoint at iteration-1404
Checkpoint end.
Checkpoint start...
Checkpoint at iteration-1512
Checkpoint end.
Checkpoint start...
Checkpoint at iteration-1620
Checkpoint end.
Checkpoint start...
Checkpoint at iteration-1728
Checkpoint end.
Checkpoint start...
Checkpoint at iteration-1836
Checkpoint end.
Elapsed time of solver =  328194550712.267578 nanoseconds
Relative norm of error = 0.000201
Number of iterations = 1873
 
TACC: Shutdown complete. Exiting.
TACC: Starting up job 6372511
TACC: Setting up parallel environment for MVAPICH2+mpispawn.
TACC: Starting parallel tasks...
Checkpoint start...
Checkpoint at iteration-108
Checkpoint end.
Checkpoint start...
Checkpoint at iteration-216
Checkpoint end.
Checkpoint start...
Checkpoint at iteration-324
Checkpoint end.
Checkpoint start...
Checkpoint at iteration-432
Checkpoint end.
Checkpoint start...
Checkpoint at iteration-540
Checkpoint end.
Checkpoint start...
Checkpoint at iteration-648
Checkpoint end.
Checkpoint start...
Checkpoint at iteration-756
Checkpoint end.
Checkpoint start...
Checkpoint at iteration-864
Checkpoint end.
Elapsed time of solver =  145024335225.710938 nanoseconds
Relative norm of error = 1.213981
Number of iterations = 873
 
TACC: Shutdown complete. Exiting.
TACC: Starting up job 6372511
TACC: Setting up parallel environment for MVAPICH2+mpispawn.
TACC: Starting parallel tasks...
Checkpoint start...
Checkpoint at iteration-108
Checkpoint end.
Checkpoint start...
Checkpoint at iteration-216
Checkpoint end.
Checkpoint start...
Checkpoint at iteration-324
Checkpoint end.
Checkpoint start...
Checkpoint at iteration-432
Checkpoint end.
Checkpoint start...
Checkpoint at iteration-540
Checkpoint end.
Checkpoint start...
Checkpoint at iteration-648
Checkpoint end.
Checkpoint start...
Checkpoint at iteration-756
Checkpoint end.
Checkpoint start...
Checkpoint at iteration-864
Checkpoint end.
Checkpoint start...
Checkpoint at iteration-972
Checkpoint end.
Checkpoint start...
Checkpoint at iteration-1080
Checkpoint end.
Checkpoint start...
Checkpoint at iteration-1188
Checkpoint end.
Checkpoint start...
Checkpoint at iteration-1296
Checkpoint end.
Checkpoint start...
Checkpoint at iteration-1404
Checkpoint end.
Checkpoint start...
Checkpoint at iteration-1512
Checkpoint end.
Checkpoint start...
Checkpoint at iteration-1620
Checkpoint end.
Checkpoint start...
Checkpoint at iteration-1728
Checkpoint end.
Checkpoint start...
Checkpoint at iteration-1836
Checkpoint end.
Checkpoint start...
Checkpoint at iteration-1944
Checkpoint end.
Elapsed time of solver =  317330504356.032715 nanoseconds
Relative norm of error = 0.000098
Number of iterations = 2032
 
TACC: Shutdown complete. Exiting.
TACC: Starting up job 6372511
TACC: Setting up parallel environment for MVAPICH2+mpispawn.
TACC: Starting parallel tasks...
Checkpoint start...
Checkpoint at iteration-108
Checkpoint end.
Checkpoint start...
Checkpoint at iteration-216
Checkpoint end.
Checkpoint start...
Checkpoint at iteration-324
Checkpoint end.
Checkpoint start...
Checkpoint at iteration-432
Checkpoint end.
Checkpoint start...
Checkpoint at iteration-540
Checkpoint end.
Checkpoint start...
Checkpoint at iteration-648
Checkpoint end.
Checkpoint start...
Checkpoint at iteration-756
Checkpoint end.
Checkpoint start...
Checkpoint at iteration-864
Checkpoint end.
Checkpoint start...
Checkpoint at iteration-972
Checkpoint end.
Checkpoint start...
Checkpoint at iteration-1080
Checkpoint end.
Checkpoint start...
Checkpoint at iteration-1188
Checkpoint end.
Recovery start...
Rollback from iteration-1206 to iteration-1188
Recovery end.
Elapsed time of solver =  229538801038.080078 nanoseconds
Relative norm of error = 0.099867
Number of iterations = 1305
 
TACC: Shutdown complete. Exiting.
TACC: Starting up job 6372511
TACC: Setting up parallel environment for MVAPICH2+mpispawn.
TACC: Starting parallel tasks...
Checkpoint start...
Checkpoint at iteration-108
Checkpoint end.
Checkpoint start...
Checkpoint at iteration-216
Checkpoint end.
Checkpoint start...
Checkpoint at iteration-324
Checkpoint end.
Checkpoint start...
Checkpoint at iteration-432
Checkpoint end.
Checkpoint start...
Checkpoint at iteration-540
Checkpoint end.
Checkpoint start...
Checkpoint at iteration-648
Checkpoint end.
Checkpoint start...
Checkpoint at iteration-756
Checkpoint end.
Checkpoint start...
Checkpoint at iteration-864
Checkpoint end.
Checkpoint start...
Checkpoint at iteration-972
Checkpoint end.
Checkpoint start...
Checkpoint at iteration-1080
Checkpoint end.
Checkpoint start...
Checkpoint at iteration-1188
Checkpoint end.
Checkpoint start...
Checkpoint at iteration-1296
Checkpoint end.
Checkpoint start...
Checkpoint at iteration-1404
Checkpoint end.
Checkpoint start...
Checkpoint at iteration-1512
Checkpoint end.
Checkpoint start...
Checkpoint at iteration-1620
Checkpoint end.
Checkpoint start...
Checkpoint at iteration-1728
Checkpoint end.
Elapsed time of solver =  280116989822.059570 nanoseconds
Relative norm of error = 0.000714
Number of iterations = 1750
 
TACC: Shutdown complete. Exiting.
TACC: Starting up job 6372511
TACC: Setting up parallel environment for MVAPICH2+mpispawn.
TACC: Starting parallel tasks...
Checkpoint start...
Checkpoint at iteration-108
Checkpoint end.
Checkpoint start...
Checkpoint at iteration-216
Checkpoint end.
Checkpoint start...
Checkpoint at iteration-324
Checkpoint end.
Checkpoint start...
Checkpoint at iteration-432
Checkpoint end.
Checkpoint start...
Checkpoint at iteration-540
Checkpoint end.
Checkpoint start...
Checkpoint at iteration-648
Checkpoint end.
Checkpoint start...
Checkpoint at iteration-756
Checkpoint end.
Checkpoint start...
Checkpoint at iteration-864
Checkpoint end.
Checkpoint start...
Checkpoint at iteration-972
Checkpoint end.
Checkpoint start...
Checkpoint at iteration-1080
Checkpoint end.
Checkpoint start...
Checkpoint at iteration-1188
Checkpoint end.
Checkpoint start...
Checkpoint at iteration-1296
Checkpoint end.
Checkpoint start...
Checkpoint at iteration-1404
Checkpoint end.
Checkpoint start...
Checkpoint at iteration-1512
Checkpoint end.
Checkpoint start...
Checkpoint at iteration-1620
Checkpoint end.
Checkpoint start...
Checkpoint at iteration-1728
Checkpoint end.
Checkpoint start...
Checkpoint at iteration-1836
Checkpoint end.
Elapsed time of solver =  288319057252.580566 nanoseconds
Relative norm of error = 0.000091
Number of iterations = 1838
 
TACC: Shutdown complete. Exiting.
TACC: Starting up job 6372511
TACC: Setting up parallel environment for MVAPICH2+mpispawn.
TACC: Starting parallel tasks...
Checkpoint start...
Checkpoint at iteration-108
Checkpoint end.
Checkpoint start...
Checkpoint at iteration-216
Checkpoint end.
Checkpoint start...
Checkpoint at iteration-324
Checkpoint end.
Checkpoint start...
Checkpoint at iteration-432
Checkpoint end.
Checkpoint start...
Checkpoint at iteration-540
Checkpoint end.
Checkpoint start...
Checkpoint at iteration-648
Checkpoint end.
Checkpoint start...
Checkpoint at iteration-756
Checkpoint end.
Checkpoint start...
Checkpoint at iteration-864
Checkpoint end.
Checkpoint start...
Checkpoint at iteration-972
Checkpoint end.
Checkpoint start...
Checkpoint at iteration-1080
Checkpoint end.
Checkpoint start...
Checkpoint at iteration-1188
Checkpoint end.
Checkpoint start...
Checkpoint at iteration-1296
Checkpoint end.
Checkpoint start...
Checkpoint at iteration-1404
Checkpoint end.
Checkpoint start...
Checkpoint at iteration-1512
Checkpoint end.
Checkpoint start...
Checkpoint at iteration-1620
Checkpoint end.
Checkpoint start...
Checkpoint at iteration-1728
Checkpoint end.
Checkpoint start...
Checkpoint at iteration-1836
Checkpoint end.
Checkpoint start...
Checkpoint at iteration-1944
Checkpoint end.
Elapsed time of solver =  312176531906.821777 nanoseconds
Relative norm of error = 0.000193
Number of iterations = 2003
 
TACC: Shutdown complete. Exiting.
TACC: Starting up job 6372511
TACC: Setting up parallel environment for MVAPICH2+mpispawn.
TACC: Starting parallel tasks...
Checkpoint start...
Checkpoint at iteration-108
Checkpoint end.
Checkpoint start...
Checkpoint at iteration-216
Checkpoint end.
Checkpoint start...
Checkpoint at iteration-324
Checkpoint end.
Checkpoint start...
Checkpoint at iteration-432
Checkpoint end.
Checkpoint start...
Checkpoint at iteration-540
Checkpoint end.
Checkpoint start...
Checkpoint at iteration-648
Checkpoint end.
Checkpoint start...
Checkpoint at iteration-756
Checkpoint end.
Checkpoint start...
Checkpoint at iteration-864
Checkpoint end.
Checkpoint start...
Checkpoint at iteration-972
Checkpoint end.
Checkpoint start...
Checkpoint at iteration-1080
Checkpoint end.
Checkpoint start...
Checkpoint at iteration-1188
Checkpoint end.
Checkpoint start...
Checkpoint at iteration-1296
Checkpoint end.
Checkpoint start...
Checkpoint at iteration-1404
Checkpoint end.
Checkpoint start...
Checkpoint at iteration-1512
Checkpoint end.
Checkpoint start...
Checkpoint at iteration-1620
Checkpoint end.
Checkpoint start...
Checkpoint at iteration-1728
Checkpoint end.
Checkpoint start...
Checkpoint at iteration-1836
Checkpoint end.
Checkpoint start...
Checkpoint at iteration-1944
Checkpoint end.
Checkpoint start...
Checkpoint at iteration-2052
Checkpoint end.
Elapsed time of solver =  508968051577.227539 nanoseconds
Relative norm of error = 0.000022
Number of iterations = 2091
 
TACC: Shutdown complete. Exiting.
TACC: Starting up job 6372511
TACC: Setting up parallel environment for MVAPICH2+mpispawn.
TACC: Starting parallel tasks...
Checkpoint start...
Checkpoint at iteration-108
Checkpoint end.
Checkpoint start...
Checkpoint at iteration-216
Checkpoint end.
Checkpoint start...
Checkpoint at iteration-324
Checkpoint end.
Checkpoint start...
Checkpoint at iteration-432
Checkpoint end.
Checkpoint start...
Checkpoint at iteration-540
Checkpoint end.
Checkpoint start...
Checkpoint at iteration-648
Checkpoint end.
Checkpoint start...
Checkpoint at iteration-756
Checkpoint end.
Checkpoint start...
Checkpoint at iteration-864
Checkpoint end.
Checkpoint start...
Checkpoint at iteration-972
Checkpoint end.
Recovery start...
Rollback from iteration-1002 to iteration-972
Recovery end.
Checkpoint start...
Checkpoint at iteration-1080
Checkpoint end.
Checkpoint start...
Checkpoint at iteration-1188
Checkpoint end.
Checkpoint start...
Checkpoint at iteration-1296
Checkpoint end.
Checkpoint start...
Checkpoint at iteration-1404
Checkpoint end.
Checkpoint start...
Checkpoint at iteration-1512
Checkpoint end.
Checkpoint start...
Checkpoint at iteration-1620
Checkpoint end.
Checkpoint start...
Checkpoint at iteration-1728
Checkpoint end.
Checkpoint start...
Checkpoint at iteration-1836
Checkpoint end.
Checkpoint start...
Checkpoint at iteration-1944
Checkpoint end.
Checkpoint start...
Checkpoint at iteration-2052
Checkpoint end.
Checkpoint start...
Checkpoint at iteration-2160
Checkpoint end.
Checkpoint start...
Checkpoint at iteration-2268
Checkpoint end.
Elapsed time of solver =  725681729571.492188 nanoseconds
Relative norm of error = 0.000145
Number of iterations = 2394
 
TACC: Shutdown complete. Exiting.
TACC: Starting up job 6372511
TACC: Setting up parallel environment for MVAPICH2+mpispawn.
TACC: Starting parallel tasks...
Checkpoint start...
Checkpoint at iteration-108
Checkpoint end.
Checkpoint start...
Checkpoint at iteration-216
Checkpoint end.
Checkpoint start...
Checkpoint at iteration-324
Checkpoint end.
Checkpoint start...
Checkpoint at iteration-432
Checkpoint end.
Checkpoint start...
Checkpoint at iteration-540
Checkpoint end.
Checkpoint start...
Checkpoint at iteration-648
Checkpoint end.
Checkpoint start...
Checkpoint at iteration-756
Checkpoint end.
Checkpoint start...
Checkpoint at iteration-864
Checkpoint end.
Checkpoint start...
Checkpoint at iteration-972
Checkpoint end.
Checkpoint start...
Checkpoint at iteration-1080
Checkpoint end.
Checkpoint start...
Checkpoint at iteration-1188
Checkpoint end.
Checkpoint start...
Checkpoint at iteration-1296
Checkpoint end.
Checkpoint start...
Checkpoint at iteration-1404
Checkpoint end.
Checkpoint start...
Checkpoint at iteration-1512
Checkpoint end.
Checkpoint start...
Checkpoint at iteration-1620
Checkpoint end.
Checkpoint start...
Checkpoint at iteration-1728
Checkpoint end.
Checkpoint start...
Checkpoint at iteration-1836
Checkpoint end.
Checkpoint start...
Checkpoint at iteration-1944
Checkpoint end.
Checkpoint start...
Checkpoint at iteration-2052
Checkpoint end.
Elapsed time of solver =  388739221607.358398 nanoseconds
Relative norm of error = 0.000059
Number of iterations = 2080
 
TACC: Shutdown complete. Exiting.
