TACC: Starting up job 6370752
TACC: Setting up parallel environment for MVAPICH2+mpispawn.
TACC: Starting parallel tasks...
Checkpoint start...
Checkpoint at iteration-108
Checkpoint end.
Checkpoint start...
Checkpoint at iteration-216
Checkpoint end.
Checkpoint start...
Checkpoint at iteration-324
Checkpoint end.
Checkpoint start...
Checkpoint at iteration-432
Checkpoint end.
Checkpoint start...
Checkpoint at iteration-540
Checkpoint end.
Checkpoint start...
Checkpoint at iteration-648
Checkpoint end.
Checkpoint start...
Checkpoint at iteration-756
Checkpoint end.
Checkpoint start...
Checkpoint at iteration-864
Checkpoint end.
Checkpoint start...
Checkpoint at iteration-972
Checkpoint end.
Checkpoint start...
Checkpoint at iteration-1080
Checkpoint end.
Recovery start...
Rollback from iteration-1140 to iteration-1080
Recovery end.
Checkpoint start...
Checkpoint at iteration-1188
Checkpoint end.
Checkpoint start...
Checkpoint at iteration-1296
Checkpoint end.
Checkpoint start...
Checkpoint at iteration-1404
Checkpoint end.
Checkpoint start...
Checkpoint at iteration-1512
Checkpoint end.
Checkpoint start...
Checkpoint at iteration-1620
Checkpoint end.
Checkpoint start...
Checkpoint at iteration-1728
Checkpoint end.
Checkpoint start...
Checkpoint at iteration-1836
Checkpoint end.
Elapsed time of solver =  732305161589.879883 nanoseconds
Relative norm of error = 0.000128
Number of iterations = 1916
 
TACC: Shutdown complete. Exiting.
TACC: Starting up job 6370752
TACC: Setting up parallel environment for MVAPICH2+mpispawn.
TACC: Starting parallel tasks...
Checkpoint start...
Checkpoint at iteration-108
Checkpoint end.
Checkpoint start...
Checkpoint at iteration-216
Checkpoint end.
Checkpoint start...
Checkpoint at iteration-324
Checkpoint end.
Checkpoint start...
Checkpoint at iteration-432
Checkpoint end.
Checkpoint start...
Checkpoint at iteration-540
Checkpoint end.
Checkpoint start...
Checkpoint at iteration-648
Checkpoint end.
Checkpoint start...
Checkpoint at iteration-756
Checkpoint end.
Checkpoint start...
Checkpoint at iteration-864
Checkpoint end.
Checkpoint start...
Checkpoint at iteration-972
Checkpoint end.
Checkpoint start...
Checkpoint at iteration-1080
Checkpoint end.
Checkpoint start...
Checkpoint at iteration-1188
Checkpoint end.
Checkpoint start...
Checkpoint at iteration-1296
Checkpoint end.
Checkpoint start...
Checkpoint at iteration-1404
Checkpoint end.
Checkpoint start...
Checkpoint at iteration-1512
Checkpoint end.
Checkpoint start...
Checkpoint at iteration-1620
Checkpoint end.
Checkpoint start...
Checkpoint at iteration-1728
Checkpoint end.
Checkpoint start...
Checkpoint at iteration-1836
Checkpoint end.
Checkpoint start...
Checkpoint at iteration-1944
Checkpoint end.
Elapsed time of solver =  445546307280.506348 nanoseconds
Relative norm of error = 0.000773
Number of iterations = 1979
 
TACC: Shutdown complete. Exiting.
TACC: Starting up job 6370752
TACC: Setting up parallel environment for MVAPICH2+mpispawn.
TACC: Starting parallel tasks...
Checkpoint start...
Checkpoint at iteration-108
Checkpoint end.
Checkpoint start...
Checkpoint at iteration-216
Checkpoint end.
Checkpoint start...
Checkpoint at iteration-324
Checkpoint end.
Checkpoint start...
Checkpoint at iteration-432
Checkpoint end.
Checkpoint start...
Checkpoint at iteration-540
Checkpoint end.
Checkpoint start...
Checkpoint at iteration-648
Checkpoint end.
Checkpoint start...
Checkpoint at iteration-756
Checkpoint end.
Checkpoint start...
Checkpoint at iteration-864
Checkpoint end.
Recovery start...
Rollback from iteration-964 to iteration-864
Recovery end.
Checkpoint start...
Checkpoint at iteration-972
Checkpoint end.
Checkpoint start...
Checkpoint at iteration-1080
Checkpoint end.
Checkpoint start...
Checkpoint at iteration-1188
Checkpoint end.
Checkpoint start...
Checkpoint at iteration-1296
Checkpoint end.
Checkpoint start...
Checkpoint at iteration-1404
Checkpoint end.
Checkpoint start...
Checkpoint at iteration-1512
Checkpoint end.
Checkpoint start...
Checkpoint at iteration-1620
Checkpoint end.
Checkpoint start...
Checkpoint at iteration-1728
Checkpoint end.
Checkpoint start...
Checkpoint at iteration-1836
Checkpoint end.
Checkpoint start...
Checkpoint at iteration-1944
Checkpoint end.
Checkpoint start...
Checkpoint at iteration-2052
Checkpoint end.
Elapsed time of solver =  469219608137.413086 nanoseconds
Relative norm of error = 0.000187
Number of iterations = 2195
 
TACC: Shutdown complete. Exiting.
TACC: Starting up job 6370752
TACC: Setting up parallel environment for MVAPICH2+mpispawn.
TACC: Starting parallel tasks...
Checkpoint start...
Checkpoint at iteration-108
Checkpoint end.
Checkpoint start...
Checkpoint at iteration-216
Checkpoint end.
Checkpoint start...
Checkpoint at iteration-324
Checkpoint end.
Checkpoint start...
Checkpoint at iteration-432
Checkpoint end.
Checkpoint start...
Checkpoint at iteration-540
Checkpoint end.
Checkpoint start...
Checkpoint at iteration-648
Checkpoint end.
Checkpoint start...
Checkpoint at iteration-756
Checkpoint end.
Checkpoint start...
Checkpoint at iteration-864
Checkpoint end.
Checkpoint start...
Checkpoint at iteration-972
Checkpoint end.
Checkpoint start...
Checkpoint at iteration-1080
Checkpoint end.
Checkpoint start...
Checkpoint at iteration-1188
Checkpoint end.
Checkpoint start...
Checkpoint at iteration-1296
Checkpoint end.
Checkpoint start...
Checkpoint at iteration-1404
Checkpoint end.
Checkpoint start...
Checkpoint at iteration-1512
Checkpoint end.
Checkpoint start...
Checkpoint at iteration-1620
Checkpoint end.
Checkpoint start...
Checkpoint at iteration-1728
Checkpoint end.
Checkpoint start...
Checkpoint at iteration-1836
Checkpoint end.
Checkpoint start...
Checkpoint at iteration-1944
Checkpoint end.
Checkpoint start...
Checkpoint at iteration-2052
Checkpoint end.
Checkpoint start...
Checkpoint at iteration-2160
Checkpoint end.
Elapsed time of solver =  493118968527.743164 nanoseconds
Relative norm of error = 0.000192
Number of iterations = 2247
 
TACC: Shutdown complete. Exiting.
TACC: Starting up job 6370752
TACC: Setting up parallel environment for MVAPICH2+mpispawn.
TACC: Starting parallel tasks...
Checkpoint start...
Checkpoint at iteration-108
Checkpoint end.
Checkpoint start...
Checkpoint at iteration-216
Checkpoint end.
Checkpoint start...
Checkpoint at iteration-324
Checkpoint end.
Checkpoint start...
Checkpoint at iteration-432
Checkpoint end.
Checkpoint start...
Checkpoint at iteration-540
Checkpoint end.
Checkpoint start...
Checkpoint at iteration-648
Checkpoint end.
Checkpoint start...
Checkpoint at iteration-756
Checkpoint end.
Checkpoint start...
Checkpoint at iteration-864
Checkpoint end.
Checkpoint start...
Checkpoint at iteration-972
Checkpoint end.
Checkpoint start...
Checkpoint at iteration-1080
Checkpoint end.
Checkpoint start...
Checkpoint at iteration-1188
Checkpoint end.
Checkpoint start...
Checkpoint at iteration-1296
Checkpoint end.
Checkpoint start...
Checkpoint at iteration-1404
Checkpoint end.
Checkpoint start...
Checkpoint at iteration-1512
Checkpoint end.
Checkpoint start...
Checkpoint at iteration-1620
Checkpoint end.
Elapsed time of solver =  381567328713.987793 nanoseconds
Relative norm of error = 0.000067
Number of iterations = 1711
 
TACC: Shutdown complete. Exiting.
TACC: Starting up job 6370752
TACC: Setting up parallel environment for MVAPICH2+mpispawn.
TACC: Starting parallel tasks...
Checkpoint start...
Checkpoint at iteration-108
Checkpoint end.
Checkpoint start...
Checkpoint at iteration-216
Checkpoint end.
Checkpoint start...
Checkpoint at iteration-324
Checkpoint end.
Checkpoint start...
Checkpoint at iteration-432
Checkpoint end.
Checkpoint start...
Checkpoint at iteration-540
Checkpoint end.
Checkpoint start...
Checkpoint at iteration-648
Checkpoint end.
Checkpoint start...
Checkpoint at iteration-756
Checkpoint end.
Checkpoint start...
Checkpoint at iteration-864
Checkpoint end.
Checkpoint start...
Checkpoint at iteration-972
Checkpoint end.
Checkpoint start...
Checkpoint at iteration-1080
Checkpoint end.
Recovery start...
Rollback from iteration-1108 to iteration-1080
Recovery end.
Checkpoint start...
Checkpoint at iteration-1188
Checkpoint end.
Checkpoint start...
Checkpoint at iteration-1296
Checkpoint end.
Checkpoint start...
Checkpoint at iteration-1404
Checkpoint end.
Checkpoint start...
Checkpoint at iteration-1512
Checkpoint end.
Checkpoint start...
Checkpoint at iteration-1620
Checkpoint end.
Checkpoint start...
Checkpoint at iteration-1728
Checkpoint end.
Checkpoint start...
Checkpoint at iteration-1836
Checkpoint end.
Elapsed time of solver =  417714153772.030273 nanoseconds
Relative norm of error = 0.000109
Number of iterations = 1958
 
TACC: Shutdown complete. Exiting.
TACC: Starting up job 6370752
TACC: Setting up parallel environment for MVAPICH2+mpispawn.
TACC: Starting parallel tasks...
Checkpoint start...
Checkpoint at iteration-108
Checkpoint end.
Checkpoint start...
Checkpoint at iteration-216
Checkpoint end.
Checkpoint start...
Checkpoint at iteration-324
Checkpoint end.
Checkpoint start...
Checkpoint at iteration-432
Checkpoint end.
Checkpoint start...
Checkpoint at iteration-540
Checkpoint end.
Checkpoint start...
Checkpoint at iteration-648
Checkpoint end.
Checkpoint start...
Checkpoint at iteration-756
Checkpoint end.
Checkpoint start...
Checkpoint at iteration-864
Checkpoint end.
Checkpoint start...
Checkpoint at iteration-972
Checkpoint end.
Checkpoint start...
Checkpoint at iteration-1080
Checkpoint end.
Checkpoint start...
Checkpoint at iteration-1188
Checkpoint end.
Checkpoint start...
Checkpoint at iteration-1296
Checkpoint end.
Checkpoint start...
Checkpoint at iteration-1404
Checkpoint end.
Checkpoint start...
Checkpoint at iteration-1512
Checkpoint end.
Checkpoint start...
Checkpoint at iteration-1620
Checkpoint end.
Checkpoint start...
Checkpoint at iteration-1728
Checkpoint end.
Checkpoint start...
Checkpoint at iteration-1836
Checkpoint end.
Elapsed time of solver =  920119063869.535645 nanoseconds
Relative norm of error = 0.000199
Number of iterations = 1861
 
TACC: Shutdown complete. Exiting.
TACC: Starting up job 6370752
TACC: Setting up parallel environment for MVAPICH2+mpispawn.
TACC: Starting parallel tasks...
Checkpoint start...
Checkpoint at iteration-108
Checkpoint end.
Checkpoint start...
Checkpoint at iteration-216
Checkpoint end.
Checkpoint start...
Checkpoint at iteration-324
Checkpoint end.
Checkpoint start...
Checkpoint at iteration-432
Checkpoint end.
Checkpoint start...
Checkpoint at iteration-540
Checkpoint end.
Checkpoint start...
Checkpoint at iteration-648
Checkpoint end.
Checkpoint start...
Checkpoint at iteration-756
Checkpoint end.
Checkpoint start...
Checkpoint at iteration-864
Checkpoint end.
Checkpoint start...
Checkpoint at iteration-972
Checkpoint end.
Checkpoint start...
Checkpoint at iteration-1080
Checkpoint end.
Checkpoint start...
Checkpoint at iteration-1188
Checkpoint end.
Checkpoint start...
Checkpoint at iteration-1296
Checkpoint end.
Checkpoint start...
Checkpoint at iteration-1404
Checkpoint end.
Checkpoint start...
Checkpoint at iteration-1512
Checkpoint end.
Checkpoint start...
Checkpoint at iteration-1620
Checkpoint end.
Checkpoint start...
Checkpoint at iteration-1728
Checkpoint end.
Checkpoint start...
Checkpoint at iteration-1836
Checkpoint end.
Checkpoint start...
Checkpoint at iteration-1944
Checkpoint end.
Checkpoint start...
Checkpoint at iteration-2052
Checkpoint end.
Checkpoint start...
Checkpoint at iteration-2160
Checkpoint end.
Checkpoint start...
Checkpoint at iteration-2268
Checkpoint end.
Checkpoint start...
Checkpoint at iteration-2376
Checkpoint end.
Checkpoint start...
Checkpoint at iteration-2484
Checkpoint end.
Elapsed time of solver =  554066818242.117188 nanoseconds
Relative norm of error = 0.000097
Number of iterations = 2526
 
TACC: Shutdown complete. Exiting.
TACC: Starting up job 6370752
TACC: Setting up parallel environment for MVAPICH2+mpispawn.
TACC: Starting parallel tasks...
Checkpoint start...
Checkpoint at iteration-108
Checkpoint end.
Checkpoint start...
Checkpoint at iteration-216
Checkpoint end.
Checkpoint start...
Checkpoint at iteration-324
Checkpoint end.
Checkpoint start...
Checkpoint at iteration-432
Checkpoint end.
Checkpoint start...
Checkpoint at iteration-540
Checkpoint end.
Checkpoint start...
Checkpoint at iteration-648
Checkpoint end.
Checkpoint start...
Checkpoint at iteration-756
Checkpoint end.
Checkpoint start...
Checkpoint at iteration-864
Checkpoint end.
Recovery start...
Rollback from iteration-952 to iteration-864
Recovery end.
Checkpoint start...
Checkpoint at iteration-972
Checkpoint end.
Checkpoint start...
Checkpoint at iteration-1080
Checkpoint end.
Checkpoint start...
Checkpoint at iteration-1188
Checkpoint end.
Checkpoint start...
Checkpoint at iteration-1296
Checkpoint end.
Checkpoint start...
Checkpoint at iteration-1404
Checkpoint end.
Checkpoint start...
Checkpoint at iteration-1512
Checkpoint end.
Checkpoint start...
Checkpoint at iteration-1620
Checkpoint end.
Checkpoint start...
Checkpoint at iteration-1728
Checkpoint end.
Checkpoint start...
Checkpoint at iteration-1836
Checkpoint end.
Checkpoint start...
Checkpoint at iteration-1944
Checkpoint end.
Elapsed time of solver =  428986587136.713379 nanoseconds
Relative norm of error = 0.000196
Number of iterations = 2045
 
TACC: Shutdown complete. Exiting.
TACC: Starting up job 6370752
TACC: Setting up parallel environment for MVAPICH2+mpispawn.
TACC: Starting parallel tasks...
Checkpoint start...
Checkpoint at iteration-108
Checkpoint end.
Checkpoint start...
Checkpoint at iteration-216
Checkpoint end.
Checkpoint start...
Checkpoint at iteration-324
Checkpoint end.
Checkpoint start...
Checkpoint at iteration-432
Checkpoint end.
Checkpoint start...
Checkpoint at iteration-540
Checkpoint end.
Checkpoint start...
Checkpoint at iteration-648
Checkpoint end.
Checkpoint start...
Checkpoint at iteration-756
Checkpoint end.
Checkpoint start...
Checkpoint at iteration-864
Checkpoint end.
Checkpoint start...
Checkpoint at iteration-972
Checkpoint end.
Checkpoint start...
Checkpoint at iteration-1080
Checkpoint end.
Checkpoint start...
Checkpoint at iteration-1188
Checkpoint end.
Checkpoint start...
Checkpoint at iteration-1296
Checkpoint end.
Checkpoint start...
Checkpoint at iteration-1404
Checkpoint end.
Checkpoint start...
Checkpoint at iteration-1512
Checkpoint end.
Checkpoint start...
Checkpoint at iteration-1620
Checkpoint end.
Checkpoint start...
Checkpoint at iteration-1728
Checkpoint end.
Checkpoint start...
Checkpoint at iteration-1836
Checkpoint end.
Recovery start...
Rollback from iteration-1842 to iteration-1836
Recovery end.
Checkpoint start...
Checkpoint at iteration-1944
Checkpoint end.
Checkpoint start...
Checkpoint at iteration-2052
Checkpoint end.
Elapsed time of solver =  446684831481.513672 nanoseconds
Relative norm of error = 0.000141
Number of iterations = 2098
 
TACC: Shutdown complete. Exiting.
