TACC: Starting up job 5718762
TACC: Setting up parallel environment for MVAPICH2+mpispawn.
TACC: Starting parallel tasks...
elapsed time of main loop = 1801534681.023438 nanoseconds
Solver type = 0
0 - Original, 1- Offline-residual, 2 - Algorithm 1, 3 - Algorithm 2
Error type = 0
0 - No error, 1 - One error in W, 2 - Two errors in W, 3 - One error in P, 4 - Two errors in P, 5 - One error in X
6 - Two errors in X, 7 - One error in R, 8 - Two errors in R, 9 - One error in Z, 10 - Two errors in Z
Elapsed time of solver =  1890274623.605469 nanoseconds
Relative norm of error = 0.000001
Number of iterations = 1131
 
TACC: Shutdown complete. Exiting.
TACC: Starting up job 5718762
TACC: Setting up parallel environment for MVAPICH2+mpispawn.
TACC: Starting parallel tasks...
elapsed time of main loop = 1818560159.625000 nanoseconds
Solver type = 1
0 - Original, 1- Offline-residual, 2 - Algorithm 1, 3 - Algorithm 2
Error type = 0
0 - No error, 1 - One error in W, 2 - Two errors in W, 3 - One error in P, 4 - Two errors in P, 5 - One error in X
6 - Two errors in X, 7 - One error in R, 8 - Two errors in R, 9 - One error in Z, 10 - Two errors in Z
Elapsed time of solver =  1852964728.597656 nanoseconds
Relative norm of error = 0.000001
Number of iterations = 1131
 
TACC: Shutdown complete. Exiting.
TACC: Starting up job 5718762
TACC: Setting up parallel environment for MVAPICH2+mpispawn.
TACC: Starting parallel tasks...
Number of detections = 5
Number of recoverys = 0
Number of checkpoints = 2
Number of iterations = 1130
Average time of each detection = 96452.600000 nanoseconds
Average time of each recovery = -nan nanoseconds
Average time of each checkpoint = 34437.000000 nanoseconds
Average time of each iteration = 1692192.818584 nanoseconds
Elapsed time of main loop = 1915046597.503906 nanoseconds
Number of iterations without rollback = 1131
Solver type = 2
0 - Original, 1- Offline-residual, 2 - Algorithm 1, 3 - Algorithm 2
Error type = 0
0 - No error, 1 - One error in W, 2 - Two errors in W, 3 - One error in P, 4 - Two errors in P, 5 - One error in X
6 - Two errors in X, 7 - One error in R, 8 - Two errors in R, 9 - One error in Z, 10 - Two errors in Z
Elapsed time of solver =  2018598362.140625 nanoseconds
Relative norm of error = 0.000001
Number of iterations = 1131
 
TACC: Shutdown complete. Exiting.
TACC: Starting up job 5718762
TACC: Setting up parallel environment for MVAPICH2+mpispawn.
TACC: Starting parallel tasks...
elapsed time of main loop = 2324315785.421875 nanoseconds
Number of iterations without rollback = 1131
Solver type = 3
0 - Original, 1- Offline-residual, 2 - Algorithm 1, 3 - Algorithm 2
Error type = 0
0 - No error, 1 - One error in W, 2 - Two errors in W, 3 - One error in P, 4 - Two errors in P, 5 - One error in X
6 - Two errors in X, 7 - One error in R, 8 - Two errors in R, 9 - One error in Z, 10 - Two errors in Z
Elapsed time of solver =  2535888699.285156 nanoseconds
Relative norm of error = 0.000001
Number of iterations = 1131
 
TACC: Shutdown complete. Exiting.
TACC: Starting up job 5718762
TACC: Setting up parallel environment for MVAPICH2+mpispawn.
TACC: Starting parallel tasks...
Inject an error in W of position-0 after MVM at iteration-501
elapsed time of main loop = 15803230284.753906 nanoseconds
Solver type = 1
0 - Original, 1- Offline-residual, 2 - Algorithm 1, 3 - Algorithm 2
Error type = 1
0 - No error, 1 - One error in W, 2 - Two errors in W, 3 - One error in P, 4 - Two errors in P, 5 - One error in X
6 - Two errors in X, 7 - One error in R, 8 - Two errors in R, 9 - One error in Z, 10 - Two errors in Z
Elapsed time of solver =  15831905830.847656 nanoseconds
Relative norm of error = 0.701031
Number of iterations = 10000
 
TACC: Shutdown complete. Exiting.
TACC: Starting up job 5718762
TACC: Setting up parallel environment for MVAPICH2+mpispawn.
TACC: Starting parallel tasks...
Inject an error in W of position-0 after MVM at iteration-501
Recovery start...
Rollback from iteration-600 to iteration-400
Recovery end.
Number of detections = 6
Number of recoverys = 1
Number of checkpoints = 2
Number of iterations = 1330
Average time of each detection = 106176.333333 nanoseconds
Average time of each recovery = 2756831.000000 nanoseconds
Average time of each checkpoint = 34250.500000 nanoseconds
Average time of each iteration = 1713800.595489 nanoseconds
Elapsed time of main loop = 2285250600.703125 nanoseconds
Number of iterations without rollback = 1131
Solver type = 2
0 - Original, 1- Offline-residual, 2 - Algorithm 1, 3 - Algorithm 2
Error type = 1
0 - No error, 1 - One error in W, 2 - Two errors in W, 3 - One error in P, 4 - Two errors in P, 5 - One error in X
6 - Two errors in X, 7 - One error in R, 8 - Two errors in R, 9 - One error in Z, 10 - Two errors in Z
Elapsed time of solver =  2376296645.496094 nanoseconds
Relative norm of error = 0.000001
Number of iterations = 1331
 
TACC: Shutdown complete. Exiting.
TACC: Starting up job 5718762
TACC: Setting up parallel environment for MVAPICH2+mpispawn.
TACC: Starting parallel tasks...
Inject an error in W of position-0 after MVM at iteration-501
Locate and correct right away
Correct an error in output vector of MVM at iteration-501
elapsed time of main loop = 2396099060.757812 nanoseconds
Number of iterations without rollback = 1131
Solver type = 3
0 - Original, 1- Offline-residual, 2 - Algorithm 1, 3 - Algorithm 2
Error type = 1
0 - No error, 1 - One error in W, 2 - Two errors in W, 3 - One error in P, 4 - Two errors in P, 5 - One error in X
6 - Two errors in X, 7 - One error in R, 8 - Two errors in R, 9 - One error in Z, 10 - Two errors in Z
Elapsed time of solver =  2601450432.203125 nanoseconds
Relative norm of error = 0.000001
Number of iterations = 1131
 
TACC: Shutdown complete. Exiting.
TACC: Starting up job 5718762
TACC: Setting up parallel environment for MVAPICH2+mpispawn.
TACC: Starting parallel tasks...
Inject two errors in W of position-752344 and position-1553861 after MVM at iteration-501
elapsed time of main loop = 15906700809.976562 nanoseconds
Solver type = 1
0 - Original, 1- Offline-residual, 2 - Algorithm 1, 3 - Algorithm 2
Error type = 2
0 - No error, 1 - One error in W, 2 - Two errors in W, 3 - One error in P, 4 - Two errors in P, 5 - One error in X
6 - Two errors in X, 7 - One error in R, 8 - Two errors in R, 9 - One error in Z, 10 - Two errors in Z
Elapsed time of solver =  15935063397.789062 nanoseconds
Relative norm of error = 0.701031
Number of iterations = 10000
 
TACC: Shutdown complete. Exiting.
TACC: Starting up job 5718762
TACC: Setting up parallel environment for MVAPICH2+mpispawn.
TACC: Starting parallel tasks...
Inject two errors in W of position-228717 and position-384730 after MVM at iteration-501
Recovery start...
Rollback from iteration-600 to iteration-400
Recovery end.
Number of detections = 6
Number of recoverys = 1
Number of checkpoints = 2
Number of iterations = 1330
Average time of each detection = 96532.833333 nanoseconds
Average time of each recovery = 2942600.000000 nanoseconds
Average time of each checkpoint = 35112.000000 nanoseconds
Average time of each iteration = 1760859.653383 nanoseconds
Elapsed time of main loop = 2348134438.238281 nanoseconds
Number of iterations without rollback = 1131
Solver type = 2
0 - Original, 1- Offline-residual, 2 - Algorithm 1, 3 - Algorithm 2
Error type = 2
0 - No error, 1 - One error in W, 2 - Two errors in W, 3 - One error in P, 4 - Two errors in P, 5 - One error in X
6 - Two errors in X, 7 - One error in R, 8 - Two errors in R, 9 - One error in Z, 10 - Two errors in Z
Elapsed time of solver =  2439383107.750000 nanoseconds
Relative norm of error = 0.000001
Number of iterations = 1331
 
TACC: Shutdown complete. Exiting.
TACC: Starting up job 5718762
TACC: Setting up parallel environment for MVAPICH2+mpispawn.
TACC: Starting parallel tasks...
Inject two errors in W of position-6496 and position-62250 after MVM at iteration-501
Multiple errors of output vector
Recovery start...
Rollback from iteration-501 to iteration-400
Recovery end.
elapsed time of main loop = 2663714619.878906 nanoseconds
Number of iterations without rollback = 1131
Solver type = 3
0 - Original, 1- Offline-residual, 2 - Algorithm 1, 3 - Algorithm 2
Error type = 2
0 - No error, 1 - One error in W, 2 - Two errors in W, 3 - One error in P, 4 - Two errors in P, 5 - One error in X
6 - Two errors in X, 7 - One error in R, 8 - Two errors in R, 9 - One error in Z, 10 - Two errors in Z
Elapsed time of solver =  2866033952.800781 nanoseconds
Relative norm of error = 0.000001
Number of iterations = 1232
 
TACC: Shutdown complete. Exiting.
TACC: Starting up job 5718762
TACC: Setting up parallel environment for MVAPICH2+mpispawn.
TACC: Starting parallel tasks...
Inject an error in P of position-594795 at the end of iteration-501
elapsed time of main loop = 15895267264.242188 nanoseconds
Solver type = 1
0 - Original, 1- Offline-residual, 2 - Algorithm 1, 3 - Algorithm 2
Error type = 3
0 - No error, 1 - One error in W, 2 - Two errors in W, 3 - One error in P, 4 - Two errors in P, 5 - One error in X
6 - Two errors in X, 7 - One error in R, 8 - Two errors in R, 9 - One error in Z, 10 - Two errors in Z
Elapsed time of solver =  15925195742.785156 nanoseconds
Relative norm of error = 0.002886
Number of iterations = 10000
 
TACC: Shutdown complete. Exiting.
TACC: Starting up job 5718762
TACC: Setting up parallel environment for MVAPICH2+mpispawn.
TACC: Starting parallel tasks...
Inject an error in P of position-634720 at the end of iteration-501
Number of detections = 49
Number of recoverys = 0
Number of checkpoints = 24
Number of iterations = 10000
Average time of each detection = 98716.448980 nanoseconds
Average time of each recovery = -nan nanoseconds
Average time of each checkpoint = 34120.458333 nanoseconds
Average time of each iteration = 1677118.865900 nanoseconds
Elapsed time of main loop = 16833444518.031250 nanoseconds
Number of iterations without rollback = 10001
Solver type = 2
0 - Original, 1- Offline-residual, 2 - Algorithm 1, 3 - Algorithm 2
Error type = 3
0 - No error, 1 - One error in W, 2 - Two errors in W, 3 - One error in P, 4 - Two errors in P, 5 - One error in X
6 - Two errors in X, 7 - One error in R, 8 - Two errors in R, 9 - One error in Z, 10 - Two errors in Z
Elapsed time of solver =  16927403692.761719 nanoseconds
Relative norm of error = 0.002886
Number of iterations = 10000
 
TACC: Shutdown complete. Exiting.
TACC: Starting up job 5718762
TACC: Setting up parallel environment for MVAPICH2+mpispawn.
TACC: Starting parallel tasks...
Inject an error in P of position-1237982 at the end of iteration-501
Errors occur before MVM
Recovery start...
Rollback from iteration-501 to iteration-400
Recovery end.
elapsed time of main loop = 2619765976.085938 nanoseconds
Number of iterations without rollback = 1131
Solver type = 3
0 - Original, 1- Offline-residual, 2 - Algorithm 1, 3 - Algorithm 2
Error type = 3
0 - No error, 1 - One error in W, 2 - Two errors in W, 3 - One error in P, 4 - Two errors in P, 5 - One error in X
6 - Two errors in X, 7 - One error in R, 8 - Two errors in R, 9 - One error in Z, 10 - Two errors in Z
Elapsed time of solver =  2820615312.351562 nanoseconds
Relative norm of error = 0.000001
Number of iterations = 1232
 
TACC: Shutdown complete. Exiting.
TACC: Starting up job 5718762
TACC: Setting up parallel environment for MVAPICH2+mpispawn.
TACC: Starting parallel tasks...
Inject two errors in P of position-1259995 and position-796372 at the end of iteration-501
elapsed time of main loop = 15904912275.171875 nanoseconds
Solver type = 1
0 - Original, 1- Offline-residual, 2 - Algorithm 1, 3 - Algorithm 2
Error type = 4
0 - No error, 1 - One error in W, 2 - Two errors in W, 3 - One error in P, 4 - Two errors in P, 5 - One error in X
6 - Two errors in X, 7 - One error in R, 8 - Two errors in R, 9 - One error in Z, 10 - Two errors in Z
Elapsed time of solver =  15933444874.136719 nanoseconds
Relative norm of error = 0.002886
Number of iterations = 10000
 
TACC: Shutdown complete. Exiting.
TACC: Starting up job 5718762
TACC: Setting up parallel environment for MVAPICH2+mpispawn.
TACC: Starting parallel tasks...
Inject two errors in P of position-1067526 and position-926756 at the end of iteration-501
Number of detections = 49
Number of recoverys = 0
Number of checkpoints = 24
Number of iterations = 10000
Average time of each detection = 98088.000000 nanoseconds
Average time of each recovery = -nan nanoseconds
Average time of each checkpoint = 33465.750000 nanoseconds
Average time of each iteration = 1679724.133900 nanoseconds
Elapsed time of main loop = 16861960562.109375 nanoseconds
Number of iterations without rollback = 10001
Solver type = 2
0 - Original, 1- Offline-residual, 2 - Algorithm 1, 3 - Algorithm 2
Error type = 4
0 - No error, 1 - One error in W, 2 - Two errors in W, 3 - One error in P, 4 - Two errors in P, 5 - One error in X
6 - Two errors in X, 7 - One error in R, 8 - Two errors in R, 9 - One error in Z, 10 - Two errors in Z
Elapsed time of solver =  16952925869.105469 nanoseconds
Relative norm of error = 0.002886
Number of iterations = 10000
 
TACC: Shutdown complete. Exiting.
TACC: Starting up job 5718762
TACC: Setting up parallel environment for MVAPICH2+mpispawn.
TACC: Starting parallel tasks...
Inject two errors in P of position-892606 and position-282304 at the end of iteration-501
Errors occur before MVM
Recovery start...
Rollback from iteration-501 to iteration-400
Recovery end.
elapsed time of main loop = 2624738173.765625 nanoseconds
Number of iterations without rollback = 1131
Solver type = 3
0 - Original, 1- Offline-residual, 2 - Algorithm 1, 3 - Algorithm 2
Error type = 4
0 - No error, 1 - One error in W, 2 - Two errors in W, 3 - One error in P, 4 - Two errors in P, 5 - One error in X
6 - Two errors in X, 7 - One error in R, 8 - Two errors in R, 9 - One error in Z, 10 - Two errors in Z
Elapsed time of solver =  2826309226.472656 nanoseconds
Relative norm of error = 0.000001
Number of iterations = 1232
 
TACC: Shutdown complete. Exiting.
TACC: Starting up job 5718762
TACC: Setting up parallel environment for MVAPICH2+mpispawn.
TACC: Starting parallel tasks...
Inject an error in X of position-900475 at the end of iteration-501
elapsed time of main loop = 1900305965.699219 nanoseconds
Solver type = 1
0 - Original, 1- Offline-residual, 2 - Algorithm 1, 3 - Algorithm 2
Error type = 5
0 - No error, 1 - One error in W, 2 - Two errors in W, 3 - One error in P, 4 - Two errors in P, 5 - One error in X
6 - Two errors in X, 7 - One error in R, 8 - Two errors in R, 9 - One error in Z, 10 - Two errors in Z
Elapsed time of solver =  1929616389.667969 nanoseconds
Relative norm of error = 1375.343094
Number of iterations = 1131
 
TACC: Shutdown complete. Exiting.
TACC: Starting up job 5718762
TACC: Setting up parallel environment for MVAPICH2+mpispawn.
TACC: Starting parallel tasks...
Inject an error in X of position-125873 at the end of iteration-501
Recovery start...
Rollback from iteration-600 to iteration-400
Recovery end.
Number of detections = 6
Number of recoverys = 1
Number of checkpoints = 2
Number of iterations = 1330
Average time of each detection = 96011.833333 nanoseconds
Average time of each recovery = 2746439.000000 nanoseconds
Average time of each checkpoint = 34522.500000 nanoseconds
Average time of each iteration = 1717483.765414 nanoseconds
Elapsed time of main loop = 2342120999.242188 nanoseconds
Number of iterations without rollback = 1131
Solver type = 2
0 - Original, 1- Offline-residual, 2 - Algorithm 1, 3 - Algorithm 2
Error type = 5
0 - No error, 1 - One error in W, 2 - Two errors in W, 3 - One error in P, 4 - Two errors in P, 5 - One error in X
6 - Two errors in X, 7 - One error in R, 8 - Two errors in R, 9 - One error in Z, 10 - Two errors in Z
Elapsed time of solver =  2431926196.699219 nanoseconds
Relative norm of error = 0.000001
Number of iterations = 1331
 
TACC: Shutdown complete. Exiting.
TACC: Starting up job 5718762
TACC: Setting up parallel environment for MVAPICH2+mpispawn.
TACC: Starting parallel tasks...
Inject an error in X of position-707375 at the end of iteration-501
Recovery start...
Rollback from iteration-600 to iteration-400
Recovery end.
elapsed time of main loop = 2825045300.035156 nanoseconds
Number of iterations without rollback = 1131
Solver type = 3
0 - Original, 1- Offline-residual, 2 - Algorithm 1, 3 - Algorithm 2
Error type = 5
0 - No error, 1 - One error in W, 2 - Two errors in W, 3 - One error in P, 4 - Two errors in P, 5 - One error in X
6 - Two errors in X, 7 - One error in R, 8 - Two errors in R, 9 - One error in Z, 10 - Two errors in Z
Elapsed time of solver =  3026073715.511719 nanoseconds
Relative norm of error = 0.000001
Number of iterations = 1331
 
TACC: Shutdown complete. Exiting.
TACC: Starting up job 5718762
TACC: Setting up parallel environment for MVAPICH2+mpispawn.
TACC: Starting parallel tasks...
Inject two errors in X of position-1509582 and position-1034562 at the end of iteration-501
elapsed time of main loop = 1901036242.128906 nanoseconds
Solver type = 1
0 - Original, 1- Offline-residual, 2 - Algorithm 1, 3 - Algorithm 2
Error type = 6
0 - No error, 1 - One error in W, 2 - Two errors in W, 3 - One error in P, 4 - Two errors in P, 5 - One error in X
6 - Two errors in X, 7 - One error in R, 8 - Two errors in R, 9 - One error in Z, 10 - Two errors in Z
Elapsed time of solver =  1929303417.496094 nanoseconds
Relative norm of error = 1945.028857
Number of iterations = 1131
 
TACC: Shutdown complete. Exiting.
TACC: Starting up job 5718762
TACC: Setting up parallel environment for MVAPICH2+mpispawn.
TACC: Starting parallel tasks...
Inject two errors in X of position-955265 and position-1002386 at the end of iteration-501
Recovery start...
Rollback from iteration-600 to iteration-400
Recovery end.
Number of detections = 6
Number of recoverys = 1
Number of checkpoints = 2
Number of iterations = 1330
Average time of each detection = 96539.000000 nanoseconds
Average time of each recovery = 2942747.000000 nanoseconds
Average time of each checkpoint = 35684.000000 nanoseconds
Average time of each iteration = 1733201.881203 nanoseconds
Elapsed time of main loop = 2373378326.527344 nanoseconds
Number of iterations without rollback = 1131
Solver type = 2
0 - Original, 1- Offline-residual, 2 - Algorithm 1, 3 - Algorithm 2
Error type = 6
0 - No error, 1 - One error in W, 2 - Two errors in W, 3 - One error in P, 4 - Two errors in P, 5 - One error in X
6 - Two errors in X, 7 - One error in R, 8 - Two errors in R, 9 - One error in Z, 10 - Two errors in Z
Elapsed time of solver =  2469437765.718750 nanoseconds
Relative norm of error = 0.000001
Number of iterations = 1331
 
TACC: Shutdown complete. Exiting.
TACC: Starting up job 5718762
TACC: Setting up parallel environment for MVAPICH2+mpispawn.
TACC: Starting parallel tasks...
Inject two errors in X of position-1536404 and position-692353 at the end of iteration-501
Recovery start...
Rollback from iteration-600 to iteration-400
Recovery end.
elapsed time of main loop = 2815885950.558594 nanoseconds
Number of iterations without rollback = 1131
Solver type = 3
0 - Original, 1- Offline-residual, 2 - Algorithm 1, 3 - Algorithm 2
Error type = 6
0 - No error, 1 - One error in W, 2 - Two errors in W, 3 - One error in P, 4 - Two errors in P, 5 - One error in X
6 - Two errors in X, 7 - One error in R, 8 - Two errors in R, 9 - One error in Z, 10 - Two errors in Z
Elapsed time of solver =  3017543094.472656 nanoseconds
Relative norm of error = 0.000001
Number of iterations = 1331
 
TACC: Shutdown complete. Exiting.
TACC: Starting up job 5718762
TACC: Setting up parallel environment for MVAPICH2+mpispawn.
TACC: Starting parallel tasks...
Inject an error in R of position-534725 at the end of iteration-501
elapsed time of main loop = 15910329177.738281 nanoseconds
Solver type = 1
0 - Original, 1- Offline-residual, 2 - Algorithm 1, 3 - Algorithm 2
Error type = 7
0 - No error, 1 - One error in W, 2 - Two errors in W, 3 - One error in P, 4 - Two errors in P, 5 - One error in X
6 - Two errors in X, 7 - One error in R, 8 - Two errors in R, 9 - One error in Z, 10 - Two errors in Z
Elapsed time of solver =  15938811754.625000 nanoseconds
Relative norm of error = 0.701031
Number of iterations = 10000
 
TACC: Shutdown complete. Exiting.
TACC: Starting up job 5718762
TACC: Setting up parallel environment for MVAPICH2+mpispawn.
TACC: Starting parallel tasks...
Inject an error in R of position-1363628 at the end of iteration-501
Recovery start...
Rollback from iteration-600 to iteration-400
Recovery end.
Number of detections = 6
Number of recoverys = 1
Number of checkpoints = 2
Number of iterations = 1330
Average time of each detection = 100715.000000 nanoseconds
Average time of each recovery = 2951643.000000 nanoseconds
Average time of each checkpoint = 36431.500000 nanoseconds
Average time of each iteration = 1728571.960150 nanoseconds
Elapsed time of main loop = 2356160956.699219 nanoseconds
Number of iterations without rollback = 1131
Solver type = 2
0 - Original, 1- Offline-residual, 2 - Algorithm 1, 3 - Algorithm 2
Error type = 7
0 - No error, 1 - One error in W, 2 - Two errors in W, 3 - One error in P, 4 - Two errors in P, 5 - One error in X
6 - Two errors in X, 7 - One error in R, 8 - Two errors in R, 9 - One error in Z, 10 - Two errors in Z
Elapsed time of solver =  2452089100.847656 nanoseconds
Relative norm of error = 0.000001
Number of iterations = 1331
 
TACC: Shutdown complete. Exiting.
TACC: Starting up job 5718762
TACC: Setting up parallel environment for MVAPICH2+mpispawn.
TACC: Starting parallel tasks...
Inject an error in R of position-1383488 at the end of iteration-501
Multiple errors of output vector
Recovery start...
Rollback from iteration-502 to iteration-400
Recovery end.
elapsed time of main loop = 2628842189.468750 nanoseconds
Number of iterations without rollback = 1131
Solver type = 3
0 - Original, 1- Offline-residual, 2 - Algorithm 1, 3 - Algorithm 2
Error type = 7
0 - No error, 1 - One error in W, 2 - Two errors in W, 3 - One error in P, 4 - Two errors in P, 5 - One error in X
6 - Two errors in X, 7 - One error in R, 8 - Two errors in R, 9 - One error in Z, 10 - Two errors in Z
Elapsed time of solver =  2831143770.671875 nanoseconds
Relative norm of error = 0.000001
Number of iterations = 1233
 
TACC: Shutdown complete. Exiting.
TACC: Starting up job 5718762
TACC: Setting up parallel environment for MVAPICH2+mpispawn.
TACC: Starting parallel tasks...
Inject two errors in R of position-1398275 and position-321842 at the end of iteration-501
elapsed time of main loop = 15896236987.574219 nanoseconds
Solver type = 1
0 - Original, 1- Offline-residual, 2 - Algorithm 1, 3 - Algorithm 2
Error type = 8
0 - No error, 1 - One error in W, 2 - Two errors in W, 3 - One error in P, 4 - Two errors in P, 5 - One error in X
6 - Two errors in X, 7 - One error in R, 8 - Two errors in R, 9 - One error in Z, 10 - Two errors in Z
Elapsed time of solver =  15925077712.984375 nanoseconds
Relative norm of error = 0.701031
Number of iterations = 10000
 
TACC: Shutdown complete. Exiting.
TACC: Starting up job 5718762
TACC: Setting up parallel environment for MVAPICH2+mpispawn.
TACC: Starting parallel tasks...
Inject two errors in R of position-649920 and position-599147 at the end of iteration-501
Recovery start...
Rollback from iteration-600 to iteration-400
Recovery end.
Number of detections = 6
Number of recoverys = 1
Number of checkpoints = 2
Number of iterations = 1330
Average time of each detection = 99783.166667 nanoseconds
Average time of each recovery = 2955381.000000 nanoseconds
Average time of each checkpoint = 34834.500000 nanoseconds
Average time of each iteration = 1700798.703008 nanoseconds
Elapsed time of main loop = 2391284714.667969 nanoseconds
Number of iterations without rollback = 1131
Solver type = 2
0 - Original, 1- Offline-residual, 2 - Algorithm 1, 3 - Algorithm 2
Error type = 8
0 - No error, 1 - One error in W, 2 - Two errors in W, 3 - One error in P, 4 - Two errors in P, 5 - One error in X
6 - Two errors in X, 7 - One error in R, 8 - Two errors in R, 9 - One error in Z, 10 - Two errors in Z
Elapsed time of solver =  2481701475.148438 nanoseconds
Relative norm of error = 0.000001
Number of iterations = 1331
 
TACC: Shutdown complete. Exiting.
TACC: Starting up job 5718762
TACC: Setting up parallel environment for MVAPICH2+mpispawn.
TACC: Starting parallel tasks...
Inject two errors in R of position-660618 and position-1216277 at the end of iteration-501
Multiple errors of output vector
Recovery start...
Rollback from iteration-502 to iteration-400
Recovery end.
elapsed time of main loop = 2633378587.902344 nanoseconds
Number of iterations without rollback = 1131
Solver type = 3
0 - Original, 1- Offline-residual, 2 - Algorithm 1, 3 - Algorithm 2
Error type = 8
0 - No error, 1 - One error in W, 2 - Two errors in W, 3 - One error in P, 4 - Two errors in P, 5 - One error in X
6 - Two errors in X, 7 - One error in R, 8 - Two errors in R, 9 - One error in Z, 10 - Two errors in Z
Elapsed time of solver =  2833654771.480469 nanoseconds
Relative norm of error = 0.000001
Number of iterations = 1233
 
TACC: Shutdown complete. Exiting.
TACC: Starting up job 5718762
TACC: Setting up parallel environment for MVAPICH2+mpispawn.
TACC: Starting parallel tasks...
Inject an error in Z of position-235887 at the end of iteration-501
elapsed time of main loop = 15838261441.296875 nanoseconds
Solver type = 1
0 - Original, 1- Offline-residual, 2 - Algorithm 1, 3 - Algorithm 2
Error type = 9
0 - No error, 1 - One error in W, 2 - Two errors in W, 3 - One error in P, 4 - Two errors in P, 5 - One error in X
6 - Two errors in X, 7 - One error in R, 8 - Two errors in R, 9 - One error in Z, 10 - Two errors in Z
Elapsed time of solver =  15867364823.109375 nanoseconds
Relative norm of error = 0.002886
Number of iterations = 10000
 
TACC: Shutdown complete. Exiting.
TACC: Starting up job 5718762
TACC: Setting up parallel environment for MVAPICH2+mpispawn.
TACC: Starting parallel tasks...
Inject an error in Z of position-1280984 at the end of iteration-501
Number of detections = 49
Number of recoverys = 0
Number of checkpoints = 24
Number of iterations = 10000
Average time of each detection = 97613.285714 nanoseconds
Average time of each recovery = -nan nanoseconds
Average time of each checkpoint = 32361.250000 nanoseconds
Average time of each iteration = 1686146.330100 nanoseconds
Elapsed time of main loop = 16922719064.578125 nanoseconds
Number of iterations without rollback = 10001
Solver type = 2
0 - Original, 1- Offline-residual, 2 - Algorithm 1, 3 - Algorithm 2
Error type = 9
0 - No error, 1 - One error in W, 2 - Two errors in W, 3 - One error in P, 4 - Two errors in P, 5 - One error in X
6 - Two errors in X, 7 - One error in R, 8 - Two errors in R, 9 - One error in Z, 10 - Two errors in Z
Elapsed time of solver =  17014734227.191406 nanoseconds
Relative norm of error = 0.002886
Number of iterations = 10000
 
TACC: Shutdown complete. Exiting.
TACC: Starting up job 5718762
TACC: Setting up parallel environment for MVAPICH2+mpispawn.
TACC: Starting parallel tasks...
Inject an error in Z of position-309397 at the end of iteration-501
Errors occur before MVM
Recovery start...
Rollback from iteration-501 to iteration-400
Recovery end.
elapsed time of main loop = 2615807389.976562 nanoseconds
Number of iterations without rollback = 1131
Solver type = 3
0 - Original, 1- Offline-residual, 2 - Algorithm 1, 3 - Algorithm 2
Error type = 9
0 - No error, 1 - One error in W, 2 - Two errors in W, 3 - One error in P, 4 - Two errors in P, 5 - One error in X
6 - Two errors in X, 7 - One error in R, 8 - Two errors in R, 9 - One error in Z, 10 - Two errors in Z
Elapsed time of solver =  2819857815.535156 nanoseconds
Relative norm of error = 0.000001
Number of iterations = 1232
 
TACC: Shutdown complete. Exiting.
TACC: Starting up job 5718762
TACC: Setting up parallel environment for MVAPICH2+mpispawn.
TACC: Starting parallel tasks...
Inject two errors in Z of position-320673 and position-1150714 at the end of iteration-501
elapsed time of main loop = 15839511709.449219 nanoseconds
Solver type = 1
0 - Original, 1- Offline-residual, 2 - Algorithm 1, 3 - Algorithm 2
Error type = 10
0 - No error, 1 - One error in W, 2 - Two errors in W, 3 - One error in P, 4 - Two errors in P, 5 - One error in X
6 - Two errors in X, 7 - One error in R, 8 - Two errors in R, 9 - One error in Z, 10 - Two errors in Z
Elapsed time of solver =  15869010456.636719 nanoseconds
Relative norm of error = 0.002886
Number of iterations = 10000
 
TACC: Shutdown complete. Exiting.
TACC: Starting up job 5718762
TACC: Setting up parallel environment for MVAPICH2+mpispawn.
TACC: Starting parallel tasks...
Inject two errors in Z of position-1156074 and position-634918 at the end of iteration-501
Number of detections = 49
Number of recoverys = 0
Number of checkpoints = 24
Number of iterations = 10000
Average time of each detection = 96945.693878 nanoseconds
Average time of each recovery = -nan nanoseconds
Average time of each checkpoint = 33116.375000 nanoseconds
Average time of each iteration = 1677246.324100 nanoseconds
Elapsed time of main loop = 16884254411.261719 nanoseconds
Number of iterations without rollback = 10001
Solver type = 2
0 - Original, 1- Offline-residual, 2 - Algorithm 1, 3 - Algorithm 2
Error type = 10
0 - No error, 1 - One error in W, 2 - Two errors in W, 3 - One error in P, 4 - Two errors in P, 5 - One error in X
6 - Two errors in X, 7 - One error in R, 8 - Two errors in R, 9 - One error in Z, 10 - Two errors in Z
Elapsed time of solver =  16977489541.921875 nanoseconds
Relative norm of error = 0.002886
Number of iterations = 10000
 
TACC: Shutdown complete. Exiting.
TACC: Starting up job 5718762
TACC: Setting up parallel environment for MVAPICH2+mpispawn.
TACC: Starting parallel tasks...
elapsed time of main loop = 2317718355.457031 nanoseconds
Number of iterations without rollback = 1131
Solver type = 3
0 - Original, 1- Offline-residual, 2 - Algorithm 1, 3 - Algorithm 2
Error type = 19
0 - No error, 1 - One error in W, 2 - Two errors in W, 3 - One error in P, 4 - Two errors in P, 5 - One error in X
6 - Two errors in X, 7 - One error in R, 8 - Two errors in R, 9 - One error in Z, 10 - Two errors in Z
Elapsed time of solver =  2519755869.902344 nanoseconds
Relative norm of error = 0.000001
Number of iterations = 1131
 
TACC: Shutdown complete. Exiting.
