TACC: Starting up job 5722294
TACC: Setting up parallel environment for MVAPICH2+mpispawn.
TACC: Starting parallel tasks...
Inject an error in X of position-1376426 at the end of iteration-420
Recovery start...
Rollback from iteration-600 to iteration-400
Recovery end.
Inject an error in W of position-0 after MVM at iteration-604
Recovery start...
Rollback from iteration-800 to iteration-400
Recovery end.
Inject an error in W of position-0 after MVM at iteration-943
Recovery start...
Rollback from iteration-1000 to iteration-800
Recovery end.
Inject an error in W of position-0 after MVM at iteration-1212
Recovery start...
Rollback from iteration-1400 to iteration-1200
Recovery end.
Inject an error in W of position-0 after MVM at iteration-1884
Recovery start...
Rollback from iteration-2000 to iteration-1600
Recovery end.
Number of detections = 16
Number of recoverys = 5
Number of checkpoints = 4
Number of iterations = 3372
Average time of each detection = 203230.437500 nanoseconds
Average time of each recovery = 89880751.000000 nanoseconds
Average time of each checkpoint = 11849.250000 nanoseconds
Average time of each iteration = 45889607.284401 nanoseconds
Elapsed time of main loop = 155359759920.550293 nanoseconds
Number of iterations without rollback = 1973
Solver type = 4
0 - Original, 1- Offline-residual, 2 - Algorithm 1, 3 - Algorithm 2
Error type = 5
0 - No error, 1 - One error in W, 2 - Two errors in W, 3 - One error in P, 4 - Two errors in P, 5 - One error in X
6 - Two errors in X, 7 - One error in R, 8 - Two errors in R, 9 - One error in Z, 10 - Two errors in Z
Elapsed time of solver =  155711408559.282227 nanoseconds
Relative norm of error = 0.000006
Number of iterations = 3373
 
TACC: Shutdown complete. Exiting.
TACC: Starting up job 5722294
TACC: Setting up parallel environment for MVAPICH2+mpispawn.
TACC: Starting parallel tasks...
Inject an error in X of position-1037619 at the end of iteration-491
Recovery start...
Rollback from iteration-600 to iteration-400
Recovery end.
Inject an error in W of position-0 after MVM at iteration-689
Locate and correct right away
Correct an error in output vector of MVM at iteration-689
Inject an error in W of position-0 after MVM at iteration-902
Locate and correct right away
Correct an error in output vector of MVM at iteration-902
Inject an error in W of position-0 after MVM at iteration-1369
Locate and correct right away
Correct an error in output vector of MVM at iteration-1369
Inject an error in W of position-0 after MVM at iteration-1950
Locate and correct right away
Correct an error in output vector of MVM at iteration-1950
elapsed time of main loop = 101980747402.492188 nanoseconds
Number of iterations without rollback = 1973
Solver type = 5
0 - Original, 1- Offline-residual, 2 - Algorithm 1, 3 - Algorithm 2
Error type = 5
0 - No error, 1 - One error in W, 2 - Two errors in W, 3 - One error in P, 4 - Two errors in P, 5 - One error in X
6 - Two errors in X, 7 - One error in R, 8 - Two errors in R, 9 - One error in Z, 10 - Two errors in Z
Elapsed time of solver =  102359542515.787109 nanoseconds
Relative norm of error = 0.000006
Number of iterations = 2173
 
TACC: Shutdown complete. Exiting.
TACC: Starting up job 5722294
TACC: Setting up parallel environment for MVAPICH2+mpispawn.
TACC: Starting parallel tasks...
Inject an error in X of position-1271399 at the end of iteration-626
Inject an error in W of position-0 after MVM at iteration-870
Recovery start...
Rollback from iteration-900 to iteration-600
Recovery end.
Inject an error in W of position-0 after MVM at iteration-1797
Recovery start...
Rollback from iteration-1800 to iteration-1200
Recovery end.
Number of detections = 9
Number of recoverys = 2
Number of checkpoints = 3
Number of iterations = 2872
Average time of each detection = 152504.000000 nanoseconds
Average time of each recovery = 88729497.500000 nanoseconds
Average time of each checkpoint = 13803.000000 nanoseconds
Average time of each iteration = 46026532.123607 nanoseconds
Elapsed time of main loop = 132446924534.973145 nanoseconds
Number of iterations without rollback = 1973
Solver type = 4
0 - Original, 1- Offline-residual, 2 - Algorithm 1, 3 - Algorithm 2
Error type = 5
0 - No error, 1 - One error in W, 2 - Two errors in W, 3 - One error in P, 4 - Two errors in P, 5 - One error in X
6 - Two errors in X, 7 - One error in R, 8 - Two errors in R, 9 - One error in Z, 10 - Two errors in Z
Elapsed time of solver =  132584766583.792969 nanoseconds
Relative norm of error = 0.000006
Number of iterations = 2873
 
TACC: Shutdown complete. Exiting.
TACC: Starting up job 5722294
TACC: Setting up parallel environment for MVAPICH2+mpispawn.
TACC: Starting parallel tasks...
Inject an error in X of position-208906 at the end of iteration-623
Inject an error in W of position-0 after MVM at iteration-763
Locate and correct right away
Correct an error in output vector of MVM at iteration-763
Recovery start...
Rollback from iteration-900 to iteration-600
Recovery end.
Inject an error in W of position-0 after MVM at iteration-1392
Locate and correct right away
Correct an error in output vector of MVM at iteration-1392
elapsed time of main loop = 105376811328.270508 nanoseconds
Number of iterations without rollback = 1973
Solver type = 5
0 - Original, 1- Offline-residual, 2 - Algorithm 1, 3 - Algorithm 2
Error type = 5
0 - No error, 1 - One error in W, 2 - Two errors in W, 3 - One error in P, 4 - Two errors in P, 5 - One error in X
6 - Two errors in X, 7 - One error in R, 8 - Two errors in R, 9 - One error in Z, 10 - Two errors in Z
Elapsed time of solver =  105683649639.877930 nanoseconds
Relative norm of error = 0.000006
Number of iterations = 2273
 
TACC: Shutdown complete. Exiting.
TACC: Starting up job 5722294
TACC: Setting up parallel environment for MVAPICH2+mpispawn.
TACC: Starting parallel tasks...
Inject an error in X of position-675510 at the end of iteration-802
Inject an error in W of position-0 after MVM at iteration-1140
Recovery start...
Rollback from iteration-1200 to iteration-800
Recovery end.
Number of detections = 5
Number of recoverys = 1
Number of checkpoints = 2
Number of iterations = 2372
Average time of each detection = 149075.400000 nanoseconds
Average time of each recovery = 90345052.000000 nanoseconds
Average time of each checkpoint = 12089.500000 nanoseconds
Average time of each iteration = 45658362.948567 nanoseconds
Elapsed time of main loop = 108472310593.225586 nanoseconds
Number of iterations without rollback = 1973
Solver type = 4
0 - Original, 1- Offline-residual, 2 - Algorithm 1, 3 - Algorithm 2
Error type = 5
0 - No error, 1 - One error in W, 2 - Two errors in W, 3 - One error in P, 4 - Two errors in P, 5 - One error in X
6 - Two errors in X, 7 - One error in R, 8 - Two errors in R, 9 - One error in Z, 10 - Two errors in Z
Elapsed time of solver =  108612965230.898926 nanoseconds
Relative norm of error = 0.000006
Number of iterations = 2373
 
TACC: Shutdown complete. Exiting.
TACC: Starting up job 5722294
TACC: Setting up parallel environment for MVAPICH2+mpispawn.
TACC: Starting parallel tasks...
Inject an error in X of position-793746 at the end of iteration-866
Recovery start...
Rollback from iteration-1200 to iteration-800
Recovery end.
Inject an error in W of position-0 after MVM at iteration-1539
Locate and correct right away
Correct an error in output vector of MVM at iteration-1539
elapsed time of main loop = 109622745759.622559 nanoseconds
Number of iterations without rollback = 1973
Solver type = 5
0 - Original, 1- Offline-residual, 2 - Algorithm 1, 3 - Algorithm 2
Error type = 5
0 - No error, 1 - One error in W, 2 - Two errors in W, 3 - One error in P, 4 - Two errors in P, 5 - One error in X
6 - Two errors in X, 7 - One error in R, 8 - Two errors in R, 9 - One error in Z, 10 - Two errors in Z
Elapsed time of solver =  109941197765.031250 nanoseconds
Relative norm of error = 0.000006
Number of iterations = 2373
 
TACC: Shutdown complete. Exiting.
TACC: Starting up job 5722294
TACC: Setting up parallel environment for MVAPICH2+mpispawn.
TACC: Starting parallel tasks...
Inject an error in R of position-1567447 at the end of iteration-418
Inject an error in W of position-0 after MVM at iteration-452
Recovery start...
Rollback from iteration-600 to iteration-400
Recovery end.
Inject an error in W of position-0 after MVM at iteration-811
Recovery start...
Rollback from iteration-1000 to iteration-800
Recovery end.
Inject an error in W of position-0 after MVM at iteration-1479
Recovery start...
Rollback from iteration-1600 to iteration-1200
Recovery end.
Inject an error in W of position-0 after MVM at iteration-1783
Recovery start...
Rollback from iteration-1800 to iteration-1600
Recovery end.
Number of detections = 14
Number of recoverys = 4
Number of checkpoints = 4
Number of iterations = 2972
Average time of each detection = 136131.571429 nanoseconds
Average time of each recovery = 91129039.500000 nanoseconds
Average time of each checkpoint = 12160.000000 nanoseconds
Average time of each iteration = 45770822.537012 nanoseconds
Elapsed time of main loop = 136476931078.701660 nanoseconds
Number of iterations without rollback = 1973
Solver type = 4
0 - Original, 1- Offline-residual, 2 - Algorithm 1, 3 - Algorithm 2
Error type = 7
0 - No error, 1 - One error in W, 2 - Two errors in W, 3 - One error in P, 4 - Two errors in P, 5 - One error in X
6 - Two errors in X, 7 - One error in R, 8 - Two errors in R, 9 - One error in Z, 10 - Two errors in Z
Elapsed time of solver =  136618633018.139160 nanoseconds
Relative norm of error = 0.000006
Number of iterations = 2973
 
TACC: Shutdown complete. Exiting.
TACC: Starting up job 5722294
TACC: Setting up parallel environment for MVAPICH2+mpispawn.
TACC: Starting parallel tasks...
Inject an error in R of position-112925 at the end of iteration-454
Multiple errors of output vector
Recovery start...
Rollback from iteration-455 to iteration-400
Recovery end.
Inject an error in W of position-0 after MVM at iteration-540
Locate and correct right away
Correct an error in output vector of MVM at iteration-540
Inject an error in W of position-0 after MVM at iteration-892
Locate and correct right away
Correct an error in output vector of MVM at iteration-892
Inject an error in W of position-0 after MVM at iteration-1275
Locate and correct right away
Correct an error in output vector of MVM at iteration-1275
Inject an error in W of position-0 after MVM at iteration-1798
Locate and correct right away
Correct an error in output vector of MVM at iteration-1798
elapsed time of main loop = 94124151724.729004 nanoseconds
Number of iterations without rollback = 1973
Solver type = 5
0 - Original, 1- Offline-residual, 2 - Algorithm 1, 3 - Algorithm 2
Error type = 7
0 - No error, 1 - One error in W, 2 - Two errors in W, 3 - One error in P, 4 - Two errors in P, 5 - One error in X
6 - Two errors in X, 7 - One error in R, 8 - Two errors in R, 9 - One error in Z, 10 - Two errors in Z
Elapsed time of solver =  94447792806.460938 nanoseconds
Relative norm of error = 0.000006
Number of iterations = 2028
 
TACC: Shutdown complete. Exiting.
TACC: Starting up job 5722294
TACC: Setting up parallel environment for MVAPICH2+mpispawn.
TACC: Starting parallel tasks...
Inject an error in R of position-447611 at the end of iteration-652
Recovery start...
Rollback from iteration-900 to iteration-600
Recovery end.
Inject an error in W of position-0 after MVM at iteration-939
Recovery start...
Rollback from iteration-1200 to iteration-600
Recovery end.
Inject an error in W of position-0 after MVM at iteration-1677
Recovery start...
Rollback from iteration-1800 to iteration-1200
Recovery end.
Number of detections = 11
Number of recoverys = 3
Number of checkpoints = 3
Number of iterations = 3472
Average time of each detection = 196417.272727 nanoseconds
Average time of each recovery = 88898037.333333 nanoseconds
Average time of each checkpoint = 11919.333333 nanoseconds
Average time of each iteration = 45665812.865783 nanoseconds
Elapsed time of main loop = 158908018294.679688 nanoseconds
Number of iterations without rollback = 1973
Solver type = 4
0 - Original, 1- Offline-residual, 2 - Algorithm 1, 3 - Algorithm 2
Error type = 7
0 - No error, 1 - One error in W, 2 - Two errors in W, 3 - One error in P, 4 - Two errors in P, 5 - One error in X
6 - Two errors in X, 7 - One error in R, 8 - Two errors in R, 9 - One error in Z, 10 - Two errors in Z
Elapsed time of solver =  159051243207.350586 nanoseconds
Relative norm of error = 0.000006
Number of iterations = 3473
 
TACC: Shutdown complete. Exiting.
TACC: Starting up job 5722294
TACC: Setting up parallel environment for MVAPICH2+mpispawn.
TACC: Starting parallel tasks...
Inject an error in R of position-674484 at the end of iteration-631
Multiple errors of output vector
Recovery start...
Rollback from iteration-632 to iteration-600
Recovery end.
Inject an error in W of position-0 after MVM at iteration-1021
Locate and correct right away
Correct an error in output vector of MVM at iteration-1021
Inject an error in W of position-0 after MVM at iteration-1777
Locate and correct right away
Correct an error in output vector of MVM at iteration-1777
elapsed time of main loop = 94191143214.349121 nanoseconds
Number of iterations without rollback = 1973
Solver type = 5
0 - Original, 1- Offline-residual, 2 - Algorithm 1, 3 - Algorithm 2
Error type = 7
0 - No error, 1 - One error in W, 2 - Two errors in W, 3 - One error in P, 4 - Two errors in P, 5 - One error in X
6 - Two errors in X, 7 - One error in R, 8 - Two errors in R, 9 - One error in Z, 10 - Two errors in Z
Elapsed time of solver =  94489220119.349121 nanoseconds
Relative norm of error = 0.000006
Number of iterations = 2005
 
TACC: Shutdown complete. Exiting.
TACC: Starting up job 5722294
TACC: Setting up parallel environment for MVAPICH2+mpispawn.
TACC: Starting parallel tasks...
Inject an error in R of position-255358 at the end of iteration-896
Recovery start...
Rollback from iteration-1200 to iteration-800
Recovery end.
Inject an error in W of position-0 after MVM at iteration-1382
Recovery start...
Rollback from iteration-1600 to iteration-800
Recovery end.
Number of detections = 7
Number of recoverys = 2
Number of checkpoints = 2
Number of iterations = 3172
Average time of each detection = 216837.571429 nanoseconds
Average time of each recovery = 89039814.500000 nanoseconds
Average time of each checkpoint = 12322.000000 nanoseconds
Average time of each iteration = 45711483.929067 nanoseconds
Elapsed time of main loop = 145259121004.965332 nanoseconds
Number of iterations without rollback = 1973
Solver type = 4
0 - Original, 1- Offline-residual, 2 - Algorithm 1, 3 - Algorithm 2
Error type = 7
0 - No error, 1 - One error in W, 2 - Two errors in W, 3 - One error in P, 4 - Two errors in P, 5 - One error in X
6 - Two errors in X, 7 - One error in R, 8 - Two errors in R, 9 - One error in Z, 10 - Two errors in Z
Elapsed time of solver =  145398976639.599609 nanoseconds
Relative norm of error = 0.000006
Number of iterations = 3173
 
TACC: Shutdown complete. Exiting.
TACC: Starting up job 5722294
TACC: Setting up parallel environment for MVAPICH2+mpispawn.
TACC: Starting parallel tasks...
Inject an error in R of position-589711 at the end of iteration-824
Multiple errors of output vector
Recovery start...
Rollback from iteration-825 to iteration-800
Recovery end.
Inject an error in W of position-0 after MVM at iteration-1209
Locate and correct right away
Correct an error in output vector of MVM at iteration-1209
elapsed time of main loop = 93394921794.805176 nanoseconds
Number of iterations without rollback = 1973
Solver type = 5
0 - Original, 1- Offline-residual, 2 - Algorithm 1, 3 - Algorithm 2
Error type = 7
0 - No error, 1 - One error in W, 2 - Two errors in W, 3 - One error in P, 4 - Two errors in P, 5 - One error in X
6 - Two errors in X, 7 - One error in R, 8 - Two errors in R, 9 - One error in Z, 10 - Two errors in Z
Elapsed time of solver =  93700323073.007812 nanoseconds
Relative norm of error = 0.000006
Number of iterations = 1998
 
TACC: Shutdown complete. Exiting.
