TACC: Starting up job 5721414
TACC: Setting up parallel environment for MVAPICH2+mpispawn.
TACC: Starting parallel tasks...
Inject an error in W of position-0 after MVM at iteration-0
Inject an error in X of position-285630 at the end of iteration-180
Recovery start...
Rollback from iteration-400 to iteration-0
Recovery end.
Inject an error in W of position-0 after MVM at iteration-800
Recovery start...
Rollback from iteration-1200 to iteration-800
Recovery end.
Number of detections = 4
Number of recoverys = 2
Number of checkpoints = 1
Number of iterations = 1930
Average time of each detection = 849129.500000 nanoseconds
Average time of each recovery = 2925252.500000 nanoseconds
Average time of each checkpoint = 34398.000000 nanoseconds
Average time of each iteration = 1788563.225907 nanoseconds
Elapsed time of main loop = 3515191806.542969 nanoseconds
Number of iterations without rollback = 1131
Solver type = 4
0 - Original, 1- Offline-residual, 2 - Algorithm 1, 3 - Algorithm 2
Error type = 5
0 - No error, 1 - One error in W, 2 - Two errors in W, 3 - One error in P, 4 - Two errors in P, 5 - One error in X
6 - Two errors in X, 7 - One error in R, 8 - Two errors in R, 9 - One error in Z, 10 - Two errors in Z
Elapsed time of solver =  3663418538.308594 nanoseconds
Relative norm of error = 0.000001
Number of iterations = 1931
 
TACC: Shutdown complete. Exiting.
TACC: Starting up job 5721414
TACC: Setting up parallel environment for MVAPICH2+mpispawn.
TACC: Starting parallel tasks...
Inject an error in W of position-0 after MVM at iteration-0
Locate and correct right away
Correct an error in output vector of MVM at iteration-0
Inject an error in X of position-410411 at the end of iteration-546
Recovery start...
Rollback from iteration-800 to iteration-0
Recovery end.
TACC: MPI job exited with code: 1
 
TACC: Shutdown complete. Exiting.
TACC: Starting up job 5721414
TACC: Setting up parallel environment for MVAPICH2+mpispawn.
TACC: Starting parallel tasks...
Inject an error in W of position-0 after MVM at iteration-1
Recovery start...
Rollback from iteration-400 to iteration-0
Recovery end.
Inject an error in W of position-0 after MVM at iteration-800
Inject an error in R of position-204181 at the end of iteration-908
Recovery start...
Rollback from iteration-1200 to iteration-800
Recovery end.
Number of detections = 4
Number of recoverys = 2
Number of checkpoints = 1
Number of iterations = 1930
Average time of each detection = 156579.750000 nanoseconds
Average time of each recovery = 2921105.500000 nanoseconds
Average time of each checkpoint = 32031.000000 nanoseconds
Average time of each iteration = 1745393.729534 nanoseconds
Elapsed time of main loop = 3480100508.980469 nanoseconds
Number of iterations without rollback = 1131
Solver type = 4
0 - Original, 1- Offline-residual, 2 - Algorithm 1, 3 - Algorithm 2
Error type = 7
0 - No error, 1 - One error in W, 2 - Two errors in W, 3 - One error in P, 4 - Two errors in P, 5 - One error in X
6 - Two errors in X, 7 - One error in R, 8 - Two errors in R, 9 - One error in Z, 10 - Two errors in Z
Elapsed time of solver =  3571253031.996094 nanoseconds
Relative norm of error = 0.000001
Number of iterations = 1931
 
TACC: Shutdown complete. Exiting.
TACC: Starting up job 5721414
TACC: Setting up parallel environment for MVAPICH2+mpispawn.
TACC: Starting parallel tasks...
Inject an error in W of position-0 after MVM at iteration-0
Locate and correct right away
Correct an error in output vector of MVM at iteration-0
Inject an error in R of position-210835 at the end of iteration-279
Multiple errors of output vector
Recovery start...
Rollback from iteration-280 to iteration-0
Recovery end.
TACC: MPI job exited with code: 1
 
TACC: Shutdown complete. Exiting.
